Using pre-set license
Built from '2020.3/staging' branch; Version is '2020.3.8f1 (507919d4fff5) revision 5273881'; Using compiler version '192528614'; Build Type 'Release'
OS: 'Windows 10 Home; OS build 22000.51; Version 2009; 64bit' Language: 'de' Physical Memory: 7599 MB
BatchMode: 1, IsHumanControllingUs: 0, StartBugReporterOnCrash: 0, Is64bit: 1, IsPro: 0

 COMMAND LINE ARGUMENTS:
C:\Program Files\Unity\2020.3.8f1\Editor\Unity.exe
-adb2
-batchMode
-noUpm
-name
AssetImportWorker0
-projectPath
C:/Users/vince/UnityProjects/MyFirstGame
-logFile
Logs/AssetImportWorker0.log
-srvPort
59153
Successfully changed project path to: C:/Users/vince/UnityProjects/MyFirstGame
C:/Users/vince/UnityProjects/MyFirstGame
Using Asset Import Pipeline V2.
Refreshing native plugins compatible for Editor in 60.99 ms, found 0 plugins.
Preloading 0 native plugins for Editor in 0.00 ms.
Initialize engine version: 2020.3.8f1 (507919d4fff5)
[Subsystems] Discovering subsystems at path C:/Program Files/Unity/2020.3.8f1/Editor/Data/Resources/UnitySubsystems
[Subsystems] Discovering subsystems at path C:/Users/vince/UnityProjects/MyFirstGame/Assets
GfxDevice: creating device client; threaded=0
Direct3D:
    Version:  Direct3D 11.0 [level 11.1]
    Renderer: NVIDIA GeForce GTX 1650 (ID=0x1f99)
    Vendor:   
    VRAM:     3962 MB
    Driver:   27.21.14.5763
Initialize mono
Mono path[0] = 'C:/Program Files/Unity/2020.3.8f1/Editor/Data/Managed'
Mono path[1] = 'C:/Program Files/Unity/2020.3.8f1/Editor/Data/MonoBleedingEdge/lib/mono/unityjit'
Mono config path = 'C:/Program Files/Unity/2020.3.8f1/Editor/Data/MonoBleedingEdge/etc'
Using monoOptions --debugger-agent=transport=dt_socket,embedding=1,server=y,suspend=n,address=127.0.0.1:56256
Begin MonoManager ReloadAssembly
Registering precompiled unity dll's ...
Register platform support module: C:/Program Files/Unity/2020.3.8f1/Editor/Data/PlaybackEngines/WindowsStandaloneSupport/UnityEditor.WindowsStandalone.Extensions.dll
Registered in 0.003399 seconds.
Native extension for WindowsStandalone target not found
Refreshing native plugins compatible for Editor in 52.13 ms, found 0 plugins.
Preloading 0 native plugins for Editor in 0.00 ms.
Mono: successfully reloaded assembly
- Completed reload, in  1.149 seconds
Platform modules already initialized, skipping
Registering precompiled user dll's ...
Registered in 0.003380 seconds.
Begin MonoManager ReloadAssembly
Native extension for WindowsStandalone target not found
Refreshing native plugins compatible for Editor in 48.74 ms, found 0 plugins.
Preloading 0 native plugins for Editor in 0.00 ms.
Mono: successfully reloaded assembly
- Completed reload, in  1.020 seconds
Platform modules already initialized, skipping
========================================================================
Worker process is ready to serve import requests
Shader 'Universal Render Pipeline/Particles/Lit': fallback shader 'Universal Render Pipeline/Particles/SimpleLit' not found
Shader 'Universal Render Pipeline/Particles/Lit': fallback shader 'Universal Render Pipeline/Particles/SimpleLit' not found
Launched and connected shader compiler UnityShaderCompiler.exe after 0.05 seconds
Refreshing native plugins compatible for Editor in 0.47 ms, found 0 plugins.
Preloading 0 native plugins for Editor in 0.00 ms.
Unloading 2438 Unused Serialized files (Serialized files now loaded: 0)
System memory in use before: 207.9 MB.
System memory in use after: 205.6 MB.

Unloading 40 unused Assets to reduce memory usage. Loaded Objects now: 2875.
Total: 3.177000 ms (FindLiveObjects: 0.279800 ms CreateObjectMapping: 0.096000 ms MarkObjects: 1.774200 ms  DeleteObjects: 1.025000 ms)

========================================================================
Received Import Request.
  path: Assets/Obstacle.mat
  artifactKey: Guid(3bdb7a832f67653489e97d0c27f9f309) Importer(815301076,1909f56bfc062723c751e8b465ee728b)
Start importing Assets/Obstacle.mat using Guid(3bdb7a832f67653489e97d0c27f9f309) Importer(815301076,1909f56bfc062723c751e8b465ee728b)  -> (artifact id: 'd53877cdeceee6fcaa627489160f6b45') in 0.294351 seconds
  Import took 0.298992 seconds .

========================================================================
Received Import Request.
  Time since last request: 0.000624 seconds.
  path: Assets/Player.mat
  artifactKey: Guid(c9606be65756c8a48be614d26e45241c) Importer(815301076,1909f56bfc062723c751e8b465ee728b)
Start importing Assets/Player.mat using Guid(c9606be65756c8a48be614d26e45241c) Importer(815301076,1909f56bfc062723c751e8b465ee728b)  -> (artifact id: '1b51e6f12d5b2a19d3313eb65ecec500') in 0.019280 seconds
  Import took 0.025068 seconds .

========================================================================
Received Import Request.
  Time since last request: 0.000515 seconds.
  path: Assets/Obstacle.prefab
  artifactKey: Guid(b469266a46d6b104f94233bf697b7e9f) Importer(815301076,1909f56bfc062723c751e8b465ee728b)
Start importing Assets/Obstacle.prefab using Guid(b469266a46d6b104f94233bf697b7e9f) Importer(815301076,1909f56bfc062723c751e8b465ee728b)  -> (artifact id: '8d009c6c4b0ce6bbe007968bfa24ae91') in 0.051713 seconds
  Import took 0.058590 seconds .

========================================================================
Received Import Request.
  Time since last request: 0.000525 seconds.
  path: Assets/PlayButton.mat
  artifactKey: Guid(bb9a814401e637046b5e982f6e7b43dd) Importer(815301076,1909f56bfc062723c751e8b465ee728b)
Start importing Assets/PlayButton.mat using Guid(bb9a814401e637046b5e982f6e7b43dd) Importer(815301076,1909f56bfc062723c751e8b465ee728b)  -> (artifact id: '8f22959f21bdcae169caa4e43f2d3cd7') in 0.016629 seconds
  Import took 0.023558 seconds .

========================================================================
Received Import Request.
  Time since last request: 0.000456 seconds.
  path: Assets/Background.mat
  artifactKey: Guid(04e0e51b2f5734248be11d80302d5b2c) Importer(815301076,1909f56bfc062723c751e8b465ee728b)
Start importing Assets/Background.mat using Guid(04e0e51b2f5734248be11d80302d5b2c) Importer(815301076,1909f56bfc062723c751e8b465ee728b)  -> (artifact id: '9a11d0f89abbcbc020b44472aa208a24') in 0.016688 seconds
  Import took 0.021941 seconds .

========================================================================
Received Import Request.
  Time since last request: 0.000354 seconds.
  path: Assets/Ground.mat
  artifactKey: Guid(249c69a5dc360634d921d17095d9b4da) Importer(815301076,1909f56bfc062723c751e8b465ee728b)
Start importing Assets/Ground.mat using Guid(249c69a5dc360634d921d17095d9b4da) Importer(815301076,1909f56bfc062723c751e8b465ee728b)  -> (artifact id: '1bdd188b7b37be8e3602550d86e37f38') in 0.015447 seconds
  Import took 0.020353 seconds .

========================================================================
Received Import Request.
  Time since last request: 0.000370 seconds.
  path: Assets/Skybox.mat
  artifactKey: Guid(6085bbae8be9ba246ae109947a649231) Importer(815301076,1909f56bfc062723c751e8b465ee728b)
Start importing Assets/Skybox.mat using Guid(6085bbae8be9ba246ae109947a649231) Importer(815301076,1909f56bfc062723c751e8b465ee728b)  -> (artifact id: 'c9aa27c6902bbd01a223e0824182ce0f') in 0.017024 seconds
  Import took 0.022614 seconds .

========================================================================
Received Import Request.
  Time since last request: 0.000520 seconds.
  path: Assets/Left.prefab
  artifactKey: Guid(8bd44b16147eb7146a5f0c3795c52b46) Importer(815301076,1909f56bfc062723c751e8b465ee728b)
Start importing Assets/Left.prefab using Guid(8bd44b16147eb7146a5f0c3795c52b46) Importer(815301076,1909f56bfc062723c751e8b465ee728b)  -> (artifact id: '1ce2dd25d4778ebb2183e8e7340e11cb') in 0.017519 seconds
  Import took 0.024359 seconds .

========================================================================
Received Import Request.
  Time since last request: 0.000541 seconds.
  path: Assets/Main Camera.prefab
  artifactKey: Guid(753d10c8bb4358e47a234f776b0afc66) Importer(815301076,1909f56bfc062723c751e8b465ee728b)
Start importing Assets/Main Camera.prefab using Guid(753d10c8bb4358e47a234f776b0afc66) Importer(815301076,1909f56bfc062723c751e8b465ee728b)  -> (artifact id: '0db432e98fe33988e0f45aeb0f54a796') in 0.015198 seconds
  Import took 0.024392 seconds .

========================================================================
Received Prepare
Registering precompiled user dll's ...
Registered in 0.002971 seconds.
Begin MonoManager ReloadAssembly
Native extension for WindowsStandalone target not found
Refreshing native plugins compatible for Editor in 0.62 ms, found 0 plugins.
Preloading 0 native plugins for Editor in 0.00 ms.
Mono: successfully reloaded assembly
- Completed reload, in  1.016 seconds
Platform modules already initialized, skipping
Shader 'Universal Render Pipeline/Particles/Lit': fallback shader 'Universal Render Pipeline/Particles/SimpleLit' not found
Shader 'Universal Render Pipeline/Particles/Lit': fallback shader 'Universal Render Pipeline/Particles/SimpleLit' not found
Refreshing native plugins compatible for Editor in 0.56 ms, found 0 plugins.
Preloading 0 native plugins for Editor in 0.00 ms.
Unloading 2346 Unused Serialized files (Serialized files now loaded: 0)
System memory in use before: 208.1 MB.
System memory in use after: 205.9 MB.

Unloading 35 unused Assets to reduce memory usage. Loaded Objects now: 2957.
Total: 6.319900 ms (FindLiveObjects: 0.915300 ms CreateObjectMapping: 0.364400 ms MarkObjects: 3.679600 ms  DeleteObjects: 1.357900 ms)

========================================================================
Received Prepare
Registering precompiled user dll's ...
Registered in 0.002106 seconds.
Begin MonoManager ReloadAssembly
Native extension for WindowsStandalone target not found
Refreshing native plugins compatible for Editor in 0.49 ms, found 0 plugins.
Preloading 0 native plugins for Editor in 0.00 ms.
Mono: successfully reloaded assembly
- Completed reload, in  0.935 seconds
Platform modules already initialized, skipping
Shader 'Universal Render Pipeline/Particles/Lit': fallback shader 'Universal Render Pipeline/Particles/SimpleLit' not found
Shader 'Universal Render Pipeline/Particles/Lit': fallback shader 'Universal Render Pipeline/Particles/SimpleLit' not found
Refreshing native plugins compatible for Editor in 0.73 ms, found 0 plugins.
Preloading 0 native plugins for Editor in 0.00 ms.
Unloading 2346 Unused Serialized files (Serialized files now loaded: 0)
System memory in use before: 208.2 MB.
System memory in use after: 206.0 MB.

Unloading 35 unused Assets to reduce memory usage. Loaded Objects now: 2960.
Total: 3.968400 ms (FindLiveObjects: 0.357900 ms CreateObjectMapping: 0.097500 ms MarkObjects: 2.232100 ms  DeleteObjects: 1.279300 ms)

========================================================================
Received Import Request.
  Time since last request: 235.432121 seconds.
  path: Assets/Menu.unity
  artifactKey: Guid(cfb0fcbd785576146850bc11c8095d01) Importer(815301076,1909f56bfc062723c751e8b465ee728b)
Start importing Assets/Menu.unity using Guid(cfb0fcbd785576146850bc11c8095d01) Importer(815301076,1909f56bfc062723c751e8b465ee728b)  -> (artifact id: 'a2e9d7d3a7439a80e7166cc8459485e4') in 0.027790 seconds
  Import took 0.033856 seconds .

========================================================================
Received Import Request.
  Time since last request: 3.170653 seconds.
  path: Assets/Game.unity
  artifactKey: Guid(d45975397795b4240a1b2e3191c4202c) Importer(815301076,1909f56bfc062723c751e8b465ee728b)
Start importing Assets/Game.unity using Guid(d45975397795b4240a1b2e3191c4202c) Importer(815301076,1909f56bfc062723c751e8b465ee728b)  -> (artifact id: 'af52085d919f2ed789157945fc83a771') in 0.004940 seconds
  Import took 0.009754 seconds .

========================================================================
Received Prepare
Registering precompiled user dll's ...
Registered in 0.002010 seconds.
Begin MonoManager ReloadAssembly
Native extension for WindowsStandalone target not found
Refreshing native plugins compatible for Editor in 0.41 ms, found 0 plugins.
Preloading 0 native plugins for Editor in 0.00 ms.
Mono: successfully reloaded assembly
- Completed reload, in  0.895 seconds
Platform modules already initialized, skipping
Shader 'Universal Render Pipeline/Particles/Lit': fallback shader 'Universal Render Pipeline/Particles/SimpleLit' not found
Shader 'Universal Render Pipeline/Particles/Lit': fallback shader 'Universal Render Pipeline/Particles/SimpleLit' not found
Refreshing native plugins compatible for Editor in 0.47 ms, found 0 plugins.
Preloading 0 native plugins for Editor in 0.00 ms.
Unloading 2346 Unused Serialized files (Serialized files now loaded: 0)
System memory in use before: 208.2 MB.
System memory in use after: 206.0 MB.

Unloading 35 unused Assets to reduce memory usage. Loaded Objects now: 2963.
Total: 4.265600 ms (FindLiveObjects: 0.300300 ms CreateObjectMapping: 0.100100 ms MarkObjects: 2.507800 ms  DeleteObjects: 1.355500 ms)

========================================================================
Received Prepare
Registering precompiled user dll's ...
Registered in 0.003419 seconds.
Begin MonoManager ReloadAssembly
Native extension for WindowsStandalone target not found
Refreshing native plugins compatible for Editor in 0.47 ms, found 0 plugins.
Preloading 0 native plugins for Editor in 0.00 ms.
Mono: successfully reloaded assembly
- Completed reload, in  0.869 seconds
Platform modules already initialized, skipping
Shader 'Universal Render Pipeline/Particles/Lit': fallback shader 'Universal Render Pipeline/Particles/SimpleLit' not found
Shader 'Universal Render Pipeline/Particles/Lit': fallback shader 'Universal Render Pipeline/Particles/SimpleLit' not found
Refreshing native plugins compatible for Editor in 0.48 ms, found 0 plugins.
Preloading 0 native plugins for Editor in 0.00 ms.
Unloading 2346 Unused Serialized files (Serialized files now loaded: 0)
System memory in use before: 208.3 MB.
System memory in use after: 206.0 MB.

Unloading 35 unused Assets to reduce memory usage. Loaded Objects now: 2966.
Total: 3.819500 ms (FindLiveObjects: 0.291400 ms CreateObjectMapping: 0.088500 ms MarkObjects: 2.120500 ms  DeleteObjects: 1.317300 ms)

========================================================================
Received Prepare
Registering precompiled user dll's ...
Registered in 0.002170 seconds.
Begin MonoManager ReloadAssembly
Native extension for WindowsStandalone target not found
Refreshing native plugins compatible for Editor in 0.39 ms, found 0 plugins.
Preloading 0 native plugins for Editor in 0.00 ms.
Mono: successfully reloaded assembly
- Completed reload, in  0.848 seconds
Platform modules already initialized, skipping
Shader 'Universal Render Pipeline/Particles/Lit': fallback shader 'Universal Render Pipeline/Particles/SimpleLit' not found
Shader 'Universal Render Pipeline/Particles/Lit': fallback shader 'Universal Render Pipeline/Particles/SimpleLit' not found
Refreshing native plugins compatible for Editor in 0.42 ms, found 0 plugins.
Preloading 0 native plugins for Editor in 0.00 ms.
Unloading 2346 Unused Serialized files (Serialized files now loaded: 0)
System memory in use before: 208.1 MB.
System memory in use after: 205.9 MB.

Unloading 35 unused Assets to reduce memory usage. Loaded Objects now: 2969.
Total: 3.666000 ms (FindLiveObjects: 0.357400 ms CreateObjectMapping: 0.081900 ms MarkObjects: 1.917700 ms  DeleteObjects: 1.306600 ms)

========================================================================
Received Prepare
Registering precompiled user dll's ...
Registered in 0.002375 seconds.
Begin MonoManager ReloadAssembly
Native extension for WindowsStandalone target not found
Refreshing native plugins compatible for Editor in 0.41 ms, found 0 plugins.
Preloading 0 native plugins for Editor in 0.00 ms.
Mono: successfully reloaded assembly
- Completed reload, in  0.980 seconds
Platform modules already initialized, skipping
Shader 'Universal Render Pipeline/Particles/Lit': fallback shader 'Universal Render Pipeline/Particles/SimpleLit' not found
Shader 'Universal Render Pipeline/Particles/Lit': fallback shader 'Universal Render Pipeline/Particles/SimpleLit' not found
Refreshing native plugins compatible for Editor in 0.49 ms, found 0 plugins.
Preloading 0 native plugins for Editor in 0.00 ms.
Unloading 2346 Unused Serialized files (Serialized files now loaded: 0)
System memory in use before: 208.3 MB.
System memory in use after: 206.0 MB.

Unloading 35 unused Assets to reduce memory usage. Loaded Objects now: 2972.
Total: 4.461100 ms (FindLiveObjects: 0.374300 ms CreateObjectMapping: 0.182700 ms MarkObjects: 2.289500 ms  DeleteObjects: 1.611800 ms)

========================================================================
Received Prepare
Registering precompiled user dll's ...
Registered in 0.002555 seconds.
Begin MonoManager ReloadAssembly
Native extension for WindowsStandalone target not found
Refreshing native plugins compatible for Editor in 0.45 ms, found 0 plugins.
Preloading 0 native plugins for Editor in 0.00 ms.
Mono: successfully reloaded assembly
- Completed reload, in  0.955 seconds
Platform modules already initialized, skipping
Shader 'Universal Render Pipeline/Particles/Lit': fallback shader 'Universal Render Pipeline/Particles/SimpleLit' not found
Shader 'Universal Render Pipeline/Particles/Lit': fallback shader 'Universal Render Pipeline/Particles/SimpleLit' not found
Refreshing native plugins compatible for Editor in 0.61 ms, found 0 plugins.
Preloading 0 native plugins for Editor in 0.00 ms.
Unloading 2346 Unused Serialized files (Serialized files now loaded: 0)
System memory in use before: 208.3 MB.
System memory in use after: 206.0 MB.

Unloading 35 unused Assets to reduce memory usage. Loaded Objects now: 2975.
Total: 4.740900 ms (FindLiveObjects: 0.324900 ms CreateObjectMapping: 0.125100 ms MarkObjects: 2.641800 ms  DeleteObjects: 1.647100 ms)

========================================================================
Received Prepare
Registering precompiled user dll's ...
Registered in 0.001859 seconds.
Begin MonoManager ReloadAssembly
Native extension for WindowsStandalone target not found
Refreshing native plugins compatible for Editor in 0.56 ms, found 0 plugins.
Preloading 0 native plugins for Editor in 0.00 ms.
Mono: successfully reloaded assembly
- Completed reload, in  0.936 seconds
Platform modules already initialized, skipping
Shader 'Universal Render Pipeline/Particles/Lit': fallback shader 'Universal Render Pipeline/Particles/SimpleLit' not found
Shader 'Universal Render Pipeline/Particles/Lit': fallback shader 'Universal Render Pipeline/Particles/SimpleLit' not found
Refreshing native plugins compatible for Editor in 0.88 ms, found 0 plugins.
Preloading 0 native plugins for Editor in 0.00 ms.
Unloading 2346 Unused Serialized files (Serialized files now loaded: 0)
System memory in use before: 208.3 MB.
System memory in use after: 206.1 MB.

Unloading 35 unused Assets to reduce memory usage. Loaded Objects now: 2978.
Total: 3.820500 ms (FindLiveObjects: 0.298900 ms CreateObjectMapping: 0.090600 ms MarkObjects: 2.018300 ms  DeleteObjects: 1.410500 ms)

========================================================================
Received Prepare
Registering precompiled user dll's ...
Registered in 0.003083 seconds.
Begin MonoManager ReloadAssembly
Native extension for WindowsStandalone target not found
Refreshing native plugins compatible for Editor in 0.52 ms, found 0 plugins.
Preloading 0 native plugins for Editor in 0.00 ms.
Mono: successfully reloaded assembly
- Completed reload, in  0.918 seconds
Platform modules already initialized, skipping
Shader 'Universal Render Pipeline/Particles/Lit': fallback shader 'Universal Render Pipeline/Particles/SimpleLit' not found
Shader 'Universal Render Pipeline/Particles/Lit': fallback shader 'Universal Render Pipeline/Particles/SimpleLit' not found
Refreshing native plugins compatible for Editor in 0.48 ms, found 0 plugins.
Preloading 0 native plugins for Editor in 0.00 ms.
Unloading 2346 Unused Serialized files (Serialized files now loaded: 0)
System memory in use before: 208.3 MB.
System memory in use after: 206.1 MB.

Unloading 35 unused Assets to reduce memory usage. Loaded Objects now: 2981.
Total: 3.646200 ms (FindLiveObjects: 0.308600 ms CreateObjectMapping: 0.074400 ms MarkObjects: 1.926400 ms  DeleteObjects: 1.334100 ms)

AssetImportWorkerClient::OnTransportError - code=2 error=End of file
